<?xml version="1.0" encoding="UTF-8"?>
<testsuite xmlns:xsi="http://www.w3.org/2001/XMLSchema-instance" xsi:noNamespaceSchemaLocation="https://maven.apache.org/surefire/maven-surefire-plugin/xsd/surefire-test-report.xsd" name="de.gematik.idp.tests.aforeport.TestAfoJUnitTestResultParser" time="0.11" tests="1" errors="0" skipped="0" failures="1">
  <properties>
[...]
</properties>
  <testcase name="testJunitResultParseOK" classname="de.gematik.idp.tests.aforeport.TestAfoJUnitTestResultParser" time="0.109">
    <failure message="&#10;Expecting:&#10; &lt;{}&gt;&#10;to contain key:&#10; &lt;&quot;Afo1&quot;&gt;" type="java.lang.AssertionError"><![CDATA[java.lang.AssertionError: 

Expecting:
 <{}>
to contain key:
 <"Afo1">
	at de.gematik.idp.tests.aforeport.TestAfoJUnitTestResultParser.testJunitResultParseOK(TestAfoJUnitTestResultParser.java:19)
]]></failure>
  </testcase>
</testsuite>